<?xml version="1.0" encoding="UTF-8"?>
<testsuite xmlns:xsi="http://www.w3.org/2001/XMLSchema-instance" xsi:noNamespaceSchemaLocation="https://maven.apache.org/surefire/maven-surefire-plugin/xsd/surefire-test-report-3.0.xsd" version="3.0" name="Test_Add_Product_To_Card" time="20.663" tests="4" errors="0" skipped="0" failures="0">
  <properties>
[...]
</properties>
  <testcase name="search_a_Product" classname="Test_Add_Product_To_Card" time="3.055">
    <system-out><![CDATA[2022-11-11 21:59:10,232 INFO  [Log] search_a_Product() PASSED 
]]></system-out>
    <system-err><![CDATA[SLF4J: Failed to load class "org.slf4j.impl.StaticLoggerBinder".
SLF4J: Defaulting to no-operation (NOP) logger implementation
SLF4J: See http://www.slf4j.org/codes.html#StaticLoggerBinder for further details.
Starting ChromeDriver 107.0.5304.62 (1eec40d3a5764881c92085aaee66d25075c159aa-refs/branch-heads/5304@{#942}) on port 40108
Only local connections are allowed.
Please see https://chromedriver.chromium.org/security-considerations for suggestions on keeping ChromeDriver safe.
ChromeDriver was started successfully.
Kas 11, 2022 9:59:01 ÖS org.openqa.selenium.remote.ProtocolHandshake createSession
INFO: Detected dialect: W3C
]]></system-err>
  </testcase>
  <testcase name="select_a_Product" classname="Test_Add_Product_To_Card" time="3.434">
    <system-out><![CDATA[2022-11-11 21:59:13,670 INFO  [Log] select_a_Product() PASSED 
]]></system-out>
  </testcase>
  <testcase name="add_product_to_basket" classname="Test_Add_Product_To_Card" time="3.494">
    <system-out><![CDATA[2022-11-11 21:59:17,164 INFO  [Log] add_product_to_basket() PASSED 
]]></system-out>
  </testcase>
  <testcase name="go_to_basket" classname="Test_Add_Product_To_Card" time="2.074">
    <system-out><![CDATA[2022-11-11 21:59:19,240 INFO  [Log] go_to_basket() PASSED 
]]></system-out>
  </testcase>
</testsuite>